[debug] [2026-06-13T13:09:48.987Z] ----------------------------------------------------------------------
[debug] [2026-06-13T13:09:48.991Z] Command:       C:\Program Files\nodejs\node.exe C:\Users\Asus\AppData\Local\npm-cache\_npx\ba4f1959e38407b5\node_modules\firebase-tools\lib\bin\firebase.js init dataconnect --project kas-kita-5a2f3
[debug] [2026-06-13T13:09:48.991Z] CLI Version:   15.20.0
[debug] [2026-06-13T13:09:48.991Z] Platform:      win32
[debug] [2026-06-13T13:09:48.991Z] Node Version:  v24.14.1
[debug] [2026-06-13T13:09:48.992Z] Time:          Sat Jun 13 2026 20:09:48 GMT+0700 (Western Indonesia Time)
[debug] [2026-06-13T13:09:48.992Z] ----------------------------------------------------------------------
[debug] 
[info] 
     ######## #### ########  ######## ########     ###     ######  ########
     ##        ##  ##     ## ##       ##     ##  ##   ##  ##       ##
     ######    ##  ########  ######   ########  #########  ######  ######
     ##        ##  ##    ##  ##       ##     ## ##     ##       ## ##
     ##       #### ##     ## ######## ########  ##     ##  ######  ########

You're about to initialize a Firebase project in this directory:

  D:\Tugas\semester 4\Tugas Java\project uas java\kas kita

[info] 
=== Project Setup
[info] 
[info] First, let's associate this project directory with a Firebase project.
[info] You can create multiple project aliases by running firebase use --add, 
[info] 
[debug] [2026-06-13T13:09:58.651Z] > command requires scopes: ["email","openid","https://www.googleapis.com/auth/cloudplatformprojects.readonly","https://www.googleapis.com/auth/firebase","https://www.googleapis.com/auth/cloud-platform"]
[debug] [2026-06-13T13:09:58.651Z] > authorizing via signed-in user (rifqymibra09@gmail.com)
[debug] [2026-06-13T13:09:58.653Z] Checked if tokens are valid: true, expires at: 1781359777007
[debug] [2026-06-13T13:09:58.653Z] Checked if tokens are valid: true, expires at: 1781359777007
[debug] [2026-06-13T13:09:58.654Z] >>> [apiv2][query] GET https://firebase.googleapis.com/v1beta1/projects/kas-kita-5a2f3 [none]
[debug] [2026-06-13T13:10:05.935Z] <<< [apiv2][status] GET https://firebase.googleapis.com/v1beta1/projects/kas-kita-5a2f3 200
[debug] [2026-06-13T13:10:05.935Z] <<< [apiv2][body] GET https://firebase.googleapis.com/v1beta1/projects/kas-kita-5a2f3 {"projectId":"kas-kita-5a2f3","projectNumber":"505599462694","displayName":"kas kita","name":"projects/kas-kita-5a2f3","resources":{"hostingSite":"kas-kita-5a2f3","realtimeDatabaseInstance":"kas-kita-5a2f3-default-rtdb"},"state":"ACTIVE","etag":"1_eb424cdd-82a0-4b80-ad2f-ee940ec98166"}
[info] i  Using project kas-kita-5a2f3 (kas kita) . 
[info] 
=== Dataconnect Setup
[info] i  dataconnect: ensuring required API firebasedataconnect.googleapis.com is enabled... 
[debug] [2026-06-13T13:10:05.944Z] Checked if tokens are valid: true, expires at: 1781359777007
[debug] [2026-06-13T13:10:05.944Z] Checked if tokens are valid: true, expires at: 1781359777007
[info] i  dataconnect: ensuring required API sqladmin.googleapis.com is enabled... 
[debug] [2026-06-13T13:10:05.945Z] Checked if tokens are valid: true, expires at: 1781359777007
[debug] [2026-06-13T13:10:05.945Z] Checked if tokens are valid: true, expires at: 1781359777007
[debug] [2026-06-13T13:10:05.945Z] >>> [apiv2][query] GET https://serviceusage.googleapis.com/v1/projects/kas-kita-5a2f3/services/firebasedataconnect.googleapis.com [none]
[debug] [2026-06-13T13:10:05.946Z] >>> [apiv2][(partial)header] GET https://serviceusage.googleapis.com/v1/projects/kas-kita-5a2f3/services/firebasedataconnect.googleapis.com  x-goog-user-project=kas-kita-5a2f3
[debug] [2026-06-13T13:10:05.948Z] >>> [apiv2][query] GET https://serviceusage.googleapis.com/v1/projects/kas-kita-5a2f3/services/sqladmin.googleapis.com [none]
[debug] [2026-06-13T13:10:05.948Z] >>> [apiv2][(partial)header] GET https://serviceusage.googleapis.com/v1/projects/kas-kita-5a2f3/services/sqladmin.googleapis.com  x-goog-user-project=kas-kita-5a2f3
[debug] [2026-06-13T13:10:08.235Z] <<< [apiv2][status] GET https://serviceusage.googleapis.com/v1/projects/kas-kita-5a2f3/services/firebasedataconnect.googleapis.com 200
[debug] [2026-06-13T13:10:08.235Z] <<< [apiv2][body] GET https://serviceusage.googleapis.com/v1/projects/kas-kita-5a2f3/services/firebasedataconnect.googleapis.com [omitted]
[warn] !  dataconnect: missing required API firebasedataconnect.googleapis.com. Enabling now... 
[debug] [2026-06-13T13:10:08.236Z] Checked if tokens are valid: true, expires at: 1781359777007
[debug] [2026-06-13T13:10:08.237Z] Checked if tokens are valid: true, expires at: 1781359777007
[debug] [2026-06-13T13:10:08.237Z] >>> [apiv2][query] POST https://serviceusage.googleapis.com/v1/projects/kas-kita-5a2f3/services/firebasedataconnect.googleapis.com:enable [none]
[debug] [2026-06-13T13:10:08.237Z] >>> [apiv2][(partial)header] POST https://serviceusage.googleapis.com/v1/projects/kas-kita-5a2f3/services/firebasedataconnect.googleapis.com:enable  x-goog-user-project=kas-kita-5a2f3
[debug] [2026-06-13T13:10:08.252Z] <<< [apiv2][status] GET https://serviceusage.googleapis.com/v1/projects/kas-kita-5a2f3/services/sqladmin.googleapis.com 200
[debug] [2026-06-13T13:10:08.252Z] <<< [apiv2][body] GET https://serviceusage.googleapis.com/v1/projects/kas-kita-5a2f3/services/sqladmin.googleapis.com [omitted]
[warn] !  dataconnect: missing required API sqladmin.googleapis.com. Enabling now... 
[debug] [2026-06-13T13:10:08.253Z] Checked if tokens are valid: true, expires at: 1781359777007
[debug] [2026-06-13T13:10:08.253Z] Checked if tokens are valid: true, expires at: 1781359777007
[debug] [2026-06-13T13:10:08.253Z] >>> [apiv2][query] POST https://serviceusage.googleapis.com/v1/projects/kas-kita-5a2f3/services/sqladmin.googleapis.com:enable [none]
[debug] [2026-06-13T13:10:08.253Z] >>> [apiv2][(partial)header] POST https://serviceusage.googleapis.com/v1/projects/kas-kita-5a2f3/services/sqladmin.googleapis.com:enable  x-goog-user-project=kas-kita-5a2f3
[debug] [2026-06-13T13:10:09.138Z] <<< [apiv2][status] POST https://serviceusage.googleapis.com/v1/projects/kas-kita-5a2f3/services/sqladmin.googleapis.com:enable 200
[debug] [2026-06-13T13:10:09.139Z] <<< [apiv2][body] POST https://serviceusage.googleapis.com/v1/projects/kas-kita-5a2f3/services/sqladmin.googleapis.com:enable [omitted]
[debug] [2026-06-13T13:10:10.478Z] <<< [apiv2][status] POST https://serviceusage.googleapis.com/v1/projects/kas-kita-5a2f3/services/firebasedataconnect.googleapis.com:enable 200
[debug] [2026-06-13T13:10:10.479Z] <<< [apiv2][body] POST https://serviceusage.googleapis.com/v1/projects/kas-kita-5a2f3/services/firebasedataconnect.googleapis.com:enable [omitted]
[debug] [2026-06-13T13:10:20.498Z] Checked if tokens are valid: true, expires at: 1781359777007
[debug] [2026-06-13T13:10:20.498Z] Checked if tokens are valid: true, expires at: 1781359777007
[debug] [2026-06-13T13:10:20.498Z] >>> [apiv2][query] GET https://firebasedataconnect.googleapis.com/v1/projects/kas-kita-5a2f3/locations/-/services [none]
